{"name": "test_start", "status": "failed", "statusDetails": {"message": "AssertionError: assert ('\\n'\\n 'C:\\\\Users\\\\Administrator\\\\.jenkins\\\\workspace\\\\psimsendemail\\\\untitled\\\\testcase>echo '\\n 'aa \\n'\\n 'aa\\n') == ('\\n'\\n 'C:\\\\Users\\\\Administrator\\\\.jenkins\\\\workspace\\\\psimsendemail\\\\untitled\\\\testcase>echo '\\n 'bb \\n'\\n 'bb\\n')", "trace": "def test_start():\n      cmd='C:\\\\Users\\\\Administrator\\\\.jenkins\\\\workspace\\\\psimsendemail\\\\1111.bat'\n      cmd1='C:\\\\Users\\\\Administrator\\\\.jenkins\\\\workspace\\\\psimsendemail\\\\2222.bat'\n      aa=(os.popen(cmd).read())\n      print(aa)\n      bb=(os.popen(cmd1).read())\n>     assert aa==bb\nE     AssertionError: assert ('\\n'\\n 'C:\\\\Users\\\\Administrator\\\\.jenkins\\\\workspace\\\\psimsendemail\\\\untitled\\\\testcase>echo '\\n 'aa \\n'\\n 'aa\\n') == ('\\n'\\n 'C:\\\\Users\\\\Administrator\\\\.jenkins\\\\workspace\\\\psimsendemail\\\\untitled\\\\testcase>echo '\\n 'bb \\n'\\n 'bb\\n')\n\ntest_1.py:18: AssertionError"}, "start": 1652535815030, "stop": 1652535815044, "uuid": "d40f71c0-cf6b-4b28-8fde-6d4c8be92657", "historyId": "d44ac5abb96825550b5e65356593b8e2", "testCaseId": "9f9609b8a4297851ce33d495f5c9c31f", "fullName": "test_1#test_start", "labels": [{"name": "suite", "value": "test_1"}, {"name": "host", "value": "MS-SLSXLICKSUSF"}, {"name": "thread", "value": "5264-MainThread"}, {"name": "framework", "value": "pytest"}, {"name": "language", "value": "cpython3"}, {"name": "package", "value": "test_1"}]}