{"name": "test_start", "status": "failed", "statusDetails": {"message": "AssertionError: assert ('\\n'\\n 'C:\\\\Users\\\\Administrator\\\\.jenkins\\\\workspace\\\\psimsendemail\\\\untitled\\\\testcase>echo '\\n 'aa \\n'\\n 'aa\\n') == ('\\n'\\n 'C:\\\\Users\\\\Administrator\\\\.jenkins\\\\workspace\\\\psimsendemail\\\\untitled\\\\testcase>ehco '\\n 'aa \\n')", "trace": "def test_start():\n      cmd='C:\\\\Users\\\\Administrator\\\\.jenkins\\\\workspace\\\\psimsendemail\\\\1111.bat'\n      cmd1='C:\\\\Users\\\\Administrator\\\\.jenkins\\\\workspace\\\\psimsendemail\\\\2222.bat'\n      aa=(os.popen(cmd).read())\n      bb=(os.popen(cmd1).read())\n>     assert aa==bb\nE     AssertionError: assert ('\\n'\\n 'C:\\\\Users\\\\Administrator\\\\.jenkins\\\\workspace\\\\psimsendemail\\\\untitled\\\\testcase>echo '\\n 'aa \\n'\\n 'aa\\n') == ('\\n'\\n 'C:\\\\Users\\\\Administrator\\\\.jenkins\\\\workspace\\\\psimsendemail\\\\untitled\\\\testcase>ehco '\\n 'aa \\n')\n\ntest_1.py:13: AssertionError"}, "start": 1652536856928, "stop": 1652536856946, "uuid": "a70ddae5-2d82-4b2b-95c3-1c6d8f09365c", "historyId": "d44ac5abb96825550b5e65356593b8e2", "testCaseId": "9f9609b8a4297851ce33d495f5c9c31f", "fullName": "test_1#test_start", "labels": [{"name": "suite", "value": "test_1"}, {"name": "host", "value": "MS-SLSXLICKSUSF"}, {"name": "thread", "value": "4324-MainThread"}, {"name": "framework", "value": "pytest"}, {"name": "language", "value": "cpython3"}, {"name": "package", "value": "test_1"}]}