{"name": "test_start", "status": "failed", "statusDetails": {"message": "AssertionError: assert ('\\n'\\n 'C:\\\\Users\\\\Administrator\\\\.jenkins\\\\workspace\\\\psimsendemail\\\\untitled\\\\testcase>aa  '\\n 'bb \\n'\\n '\\n'\\n 'C:\\\\Users\\\\Administrator\\\\.jenkins\\\\workspace\\\\psimsendemail\\\\untitled\\\\testcase>bb\\n') == ('\\n'\\n 'C:\\\\Users\\\\Administrator\\\\.jenkins\\\\workspace\\\\psimsendemail\\\\untitled\\\\testcase>bb '\\n 'aa \\n'\\n '\\n'\\n 'C:\\\\Users\\\\Administrator\\\\.jenkins\\\\workspace\\\\psimsendemail\\\\untitled\\\\testcase>bb\\n')", "trace": "def test_start():\n      cmd='C:\\\\Users\\\\Administrator\\\\.jenkins\\\\workspace\\\\psimsendemail\\\\1111.bat'\n      cmd1='C:\\\\Users\\\\Administrator\\\\.jenkins\\\\workspace\\\\psimsendemail\\\\2222.bat'\n      aa=(os.popen(cmd).read())\n      print(aa)\n      bb=(os.popen(cmd1).read())\n>     assert aa==bb\nE     AssertionError: assert ('\\n'\\n 'C:\\\\Users\\\\Administrator\\\\.jenkins\\\\workspace\\\\psimsendemail\\\\untitled\\\\testcase>aa  '\\n 'bb \\n'\\n '\\n'\\n 'C:\\\\Users\\\\Administrator\\\\.jenkins\\\\workspace\\\\psimsendemail\\\\untitled\\\\testcase>bb\\n') == ('\\n'\\n 'C:\\\\Users\\\\Administrator\\\\.jenkins\\\\workspace\\\\psimsendemail\\\\untitled\\\\testcase>bb '\\n 'aa \\n'\\n '\\n'\\n 'C:\\\\Users\\\\Administrator\\\\.jenkins\\\\workspace\\\\psimsendemail\\\\untitled\\\\testcase>bb\\n')\n\ntest_1.py:14: AssertionError"}, "start": 1652536148285, "stop": 1652536148311, "uuid": "3fff61b2-8222-4e83-bfdd-b9710ba08c67", "historyId": "d44ac5abb96825550b5e65356593b8e2", "testCaseId": "9f9609b8a4297851ce33d495f5c9c31f", "fullName": "test_1#test_start", "labels": [{"name": "suite", "value": "test_1"}, {"name": "host", "value": "MS-SLSXLICKSUSF"}, {"name": "thread", "value": "4620-MainThread"}, {"name": "framework", "value": "pytest"}, {"name": "language", "value": "cpython3"}, {"name": "package", "value": "test_1"}]}